<?xml version="1.0" encoding="utf-8"?><testsuites name="pytest tests"><testsuite name="pytest" errors="0" failures="0" skipped="0" tests="8" time="1.466" timestamp="2026-07-02T14:19:21.404139+00:00" hostname="agent-env-59990754-0717-48e7-9c4f-af29d03b9365"><testcase classname="tests.backend_test" name="test_root" time="0.315" /><testcase classname="tests.backend_test" name="test_contact_valid" time="0.058" /><testcase classname="tests.backend_test" name="test_contact_with_company" time="0.107" /><testcase classname="tests.backend_test" name="test_contact_invalid_email" time="0.057" /><testcase classname="tests.backend_test" name="test_contact_empty_name" time="0.053" /><testcase classname="tests.backend_test" name="test_contact_empty_message" time="0.050" /><testcase classname="tests.backend_test" name="test_contact_list_sorted" time="0.048" /><testcase classname="tests.backend_test" name="test_status_endpoints" time="0.118" /></testsuite></testsuites>